# JRE version: OpenJDK Runtime Environment (11.0.12+7) (build 11.0.12+7-b1504.28-7817840)
# Java VM: OpenJDK 64-Bit Server VM (11.0.12+7-b1504.28-7817840, mixed mode, tiered, compressed oops, g1 gc, windows-amd64)
Heap:
 garbage-first heap   total 463872K, used 225466K [0x0000000080000000, 0x0000000100000000)
  region size 1024K, 103 young (105472K), 4 survivors (4096K)
 Metaspace       used 135505K, capacity 138977K, committed 140240K, reserved 1171456K
  class space    used 16290K, capacity 17544K, committed 17868K, reserved 1048576K
GC Heap History (20 events):
Event: 14103.829 GC heap before
{Heap before GC invocations=121 (full 0):
 garbage-first heap   total 236544K, used 158226K [0x0000000080000000, 0x0000000100000000)
  region size 1024K, 11 young (11264K), 4 survivors (4096K)
 Metaspace       used 125874K, capacity 129196K, committed 130896K, reserved 1163264K
  class space    used 15259K, capacity 16480K, committed 16972K, reserved 1048576K
}
Event: 14103.997 GC heap after
{Heap after GC invocations=122 (full 0):
 garbage-first heap   total 236544K, used 150794K [0x0000000080000000, 0x0000000100000000)
  region size 1024K, 2 young (2048K), 2 survivors (2048K)
 Metaspace       used 125874K, capacity 129196K, committed 130896K, reserved 1163264K
  class space    used 15259K, capacity 16480K, committed 16972K, reserved 1048576K
}
Event: 14105.497 GC heap before
{Heap before GC invocations=122 (full 0):
 garbage-first heap   total 236544K, used 184586K [0x0000000080000000, 0x0000000100000000)
  region size 1024K, 36 young (36864K), 2 survivors (2048K)
 Metaspace       used 128448K, capacity 131724K, committed 133328K, reserved 1165312K
  class space    used 15465K, capacity 16704K, committed 17100K, reserved 1048576K
}
Event: 14105.703 GC heap after
{Heap after GC invocations=123 (full 0):
 garbage-first heap   total 236544K, used 157696K [0x0000000080000000, 0x0000000100000000)
  region size 1024K, 5 young (5120K), 5 survivors (5120K)
 Metaspace       used 128448K, capacity 131724K, committed 133328K, reserved 1165312K
  class space    used 15465K, capacity 16704K, committed 17100K, reserved 1048576K
}
Event: 14106.912 GC heap before
{Heap before GC invocations=124 (full 0):
 garbage-first heap   total 236544K, used 179200K [0x0000000080000000, 0x0000000100000000)
  region size 1024K, 34 young (34816K), 5 survivors (5120K)
 Metaspace       used 128633K, capacity 131916K, committed 133584K, reserved 1165312K
  class space    used 15472K, capacity 16704K, committed 17100K, reserved 1048576K
}
Event: 14106.935 GC heap after
{Heap after GC invocations=125 (full 0):
 garbage-first heap   total 236544K, used 150088K [0x0000000080000000, 0x0000000100000000)
  region size 1024K, 2 young (2048K), 2 survivors (2048K)
 Metaspace       used 128633K, capacity 131916K, committed 133584K, reserved 1165312K
  class space    used 15472K, capacity 16704K, committed 17100K, reserved 1048576K
}
Event: 14107.159 GC heap before
{Heap before GC invocations=125 (full 0):
 garbage-first heap   total 236544K, used 159304K [0x0000000080000000, 0x0000000100000000)
  region size 1024K, 11 young (11264K), 2 survivors (2048K)
 Metaspace       used 128679K, capacity 131980K, committed 133584K, reserved 1165312K
  class space    used 15472K, capacity 16704K, committed 17100K, reserved 1048576K
}
Event: 14107.172 GC heap after
{Heap after GC invocations=126 (full 0):
 garbage-first heap   total 236544K, used 133776K [0x0000000080000000, 0x0000000100000000)
  region size 1024K, 1 young (1024K), 1 survivors (1024K)
 Metaspace       used 128679K, capacity 131980K, committed 133584K, reserved 1165312K
  class space    used 15472K, capacity 16704K, committed 17100K, reserved 1048576K
}
Event: 14110.864 GC heap before
{Heap before GC invocations=126 (full 0):
 garbage-first heap   total 236544K, used 151184K [0x0000000080000000, 0x0000000100000000)
  region size 1024K, 19 young (19456K), 1 survivors (1024K)
 Metaspace       used 129213K, capacity 132527K, committed 134224K, reserved 1167360K
  class space    used 15515K, capacity 16736K, committed 17228K, reserved 1048576K
}
Event: 14110.880 GC heap after
{Heap after GC invocations=127 (full 0):
 garbage-first heap   total 236544K, used 133788K [0x0000000080000000, 0x0000000100000000)
  region size 1024K, 1 young (1024K), 1 survivors (1024K)
 Metaspace       used 129213K, capacity 132527K, committed 134224K, reserved 1167360K
  class space    used 15515K, capacity 16736K, committed 17228K, reserved 1048576K
}
Event: 14111.769 GC heap before
{Heap before GC invocations=128 (full 0):
 garbage-first heap   total 236544K, used 178844K [0x0000000080000000, 0x0000000100000000)
  region size 1024K, 46 young (47104K), 1 survivors (1024K)
 Metaspace       used 129213K, capacity 132527K, committed 134224K, reserved 1167360K
  class space    used 15515K, capacity 16736K, committed 17228K, reserved 1048576K
}
Event: 14111.775 GC heap after
{Heap after GC invocations=129 (full 0):
 garbage-first heap   total 236544K, used 133560K [0x0000000080000000, 0x0000000100000000)
  region size 1024K, 2 young (2048K), 2 survivors (2048K)
 Metaspace       used 129213K, capacity 132527K, committed 134224K, reserved 1167360K
  class space    used 15515K, capacity 16736K, committed 17228K, reserved 1048576K
}
Event: 14111.925 GC heap before
{Heap before GC invocations=129 (full 0):
 garbage-first heap   total 236544K, used 142776K [0x0000000080000000, 0x0000000100000000)
  region size 1024K, 11 young (11264K), 2 survivors (2048K)
 Metaspace       used 129213K, capacity 132527K, committed 134224K, reserved 1167360K
  class space    used 15515K, capacity 16736K, committed 17228K, reserved 1048576K
}
Event: 14111.953 GC heap after
{Heap after GC invocations=130 (full 0):
 garbage-first heap   total 236544K, used 125637K [0x0000000080000000, 0x0000000100000000)
  region size 1024K, 1 young (1024K), 1 survivors (1024K)
 Metaspace       used 129213K, capacity 132527K, committed 134224K, reserved 1167360K
  class space    used 15515K, capacity 16736K, committed 17228K, reserved 1048576K
}
Event: 14112.744 GC heap before
{Heap before GC invocations=130 (full 0):
 garbage-first heap   total 236544K, used 178885K [0x0000000080000000, 0x0000000100000000)
  region size 1024K, 53 young (54272K), 1 survivors (1024K)
 Metaspace       used 129213K, capacity 132527K, committed 134224K, reserved 1167360K
  class space    used 15515K, capacity 16736K, committed 17228K, reserved 1048576K
}
Event: 14112.797 GC heap after
{Heap after GC invocations=131 (full 0):
 garbage-first heap   total 463872K, used 126500K [0x0000000080000000, 0x0000000100000000)
  region size 1024K, 2 young (2048K), 2 survivors (2048K)
 Metaspace       used 129213K, capacity 132527K, committed 134224K, reserved 1167360K
  class space    used 15515K, capacity 16736K, committed 17228K, reserved 1048576K
}
Event: 14114.265 GC heap before
{Heap before GC invocations=132 (full 0):
 garbage-first heap   total 463872K, used 160292K [0x0000000080000000, 0x0000000100000000)
  region size 1024K, 36 young (36864K), 2 survivors (2048K)
 Metaspace       used 129215K, capacity 132528K, committed 134224K, reserved 1167360K
  class space    used 15515K, capacity 16736K, committed 17228K, reserved 1048576K
}
Event: 14114.270 GC heap after
{Heap after GC invocations=133 (full 0):
 garbage-first heap   total 463872K, used 122845K [0x0000000080000000, 0x0000000100000000)
  region size 1024K, 1 young (1024K), 1 survivors (1024K)
 Metaspace       used 129215K, capacity 132528K, committed 134224K, reserved 1167360K
  class space    used 15515K, capacity 16736K, committed 17228K, reserved 1048576K
}
Event: 14125.122 GC heap before
{Heap before GC invocations=134 (full 0):
 garbage-first heap   total 463872K, used 215005K [0x0000000080000000, 0x0000000100000000)
  region size 1024K, 90 young (92160K), 1 survivors (1024K)
 Metaspace       used 133943K, capacity 137196K, committed 138832K, reserved 1171456K
  class space    used 16085K, capacity 17302K, committed 17740K, reserved 1048576K
}
Event: 14125.136 GC heap after
{Heap after GC invocations=135 (full 0):
 garbage-first heap   total 463872K, used 126138K [0x0000000080000000, 0x0000000100000000)
  region size 1024K, 4 young (4096K), 4 survivors (4096K)
 Metaspace       used 133943K, capacity 137196K, committed 138832K, reserved 1171456K
  class space    used 16085K, capacity 17302K, committed 17740K, reserved 1048576K
}

